0 info it worked if it ends with ok
1 verbose cli [ 'C:\\Program Files\\nodejs\\node.exe',
1 verbose cli   'C:\\Program Files\\nodejs\\node_modules\\npm\\bin\\npm-cli.js',
1 verbose cli   'run',
1 verbose cli   'start',
1 verbose cli   '--scripts-prepend-node-path=auto' ]
2 info using npm@3.10.10
3 info using node@v6.9.5
4 verbose run-script [ 'prestart', 'start', 'poststart' ]
5 info lifecycle node-easy-notes-app@1.0.0~prestart: node-easy-notes-app@1.0.0
6 silly lifecycle node-easy-notes-app@1.0.0~prestart: no script for prestart, continuing
7 info lifecycle node-easy-notes-app@1.0.0~start: node-easy-notes-app@1.0.0
8 verbose lifecycle node-easy-notes-app@1.0.0~start: unsafe-perm in lifecycle true
9 verbose lifecycle node-easy-notes-app@1.0.0~start: PATH: C:\Program Files\nodejs\node_modules\npm\bin\node-gyp-bin;D:\Dev\HelpBack\node_modules\.bin;C:\oraclexe\app\oracle\product\11.2.0\server\bin;;C:\oraclexe\app\oracle\product\11.2.0\server\bin;C:\Program Files\Java\jdk1.8.0_60\bin;C:\Windows\system32;C:\Windows;C:\Windows\System32\Wbem;C:\Windows\System32\WindowsPowerShell\v1.0\;C:\Program Files\Apache Software Foundation\apache-maven-3.1.1\bin;C:\Program Files\Apache Software Foundation\apache-maven-3.1.1\bin;C:\Program Files\Apache Software Foundation\apache-maven-3.1.1\bin;C:\Users\Teodor\AppData\Roaming\npm;C:\xampp\php;C:\ProgramData\ComposerSetup\bin;C:\Users\Teodor\AppData\Local\Programs\Python\Python35;C:\ant\bin;C:\Program Files (x86)\GtkSharp\2.12\bin;C:\Program Files (x86)\NVIDIA Corporation\PhysX\Common;C:\Users\Teodor\AppData\Local\Programs\Python\Python35\Scripts;C:\emacs\bin;C:\gradle-2.10\bin;C:\MinGW\bin;C:\cmake-3.6.3-win64-x64\bin;C:\Program Files\Git\cmd;C:\windows-bash\bash;C:\Program Files (x86)\Yarn\bin;C:\Program Files\nodejs\;C:\Users\Teodor\Downloads\curl-7.58.0.zip\src\curl.exe;C:\Users\Teodor\AppData\Local\Programs\Python\Python35\Scripts\;C:\Users\Teodor\AppData\Local\Programs\Python\Python35\;C:\Ruby22\bin;C:\Program Files\Java\jdk1.8.0_60;C:\Windows\system32;C:\Windows;C:\Windows\System32\Wbem;C:\Windows\System32\WindowsPowerShell\v1.0\;C:\Program Files (x86)\Windows Kits\8.1\Windows Performance Toolkit\;C:\Program Files\Microsoft SQL Server\110\Tools\Binn\;C:\Program Files (x86)\Microsoft SDKs\TypeScript\1.0\;C:\Program Files\Microsoft SQL Server\120\Tools\Binn\;C:\Program Files\nodejs\;C:\Program Files\Git\cmd;C:\Program Files\Git\bin;C:\Program Files\Apache Software Foundation\apache-maven-3.1.1\bin;C:\Program Files (x86)\Skype\Phone\;C:\Program Files\Apache Software Foundation\apache-maven-3.1.1\bin;C:\Users\Teodor\AppData\Local\Programs\Python\Python35-32;C:\ant\bin;C:\sdk1\tools;C:\sdk1\platform-tools;C:\Users\Teodor\AppData\Local\atom\bin;C:\Program Files (x86)\Microsoft VS Code\bin;C:\Program Files\nodejs\;C:\emacs\bin;C:\MinGW\bin;C:\gradle-2.10\bin;C:\MinGW\bin;C:\cmake-3.6.3-win64-x64\bin;C:\Program Files\Docker Toolbox;C:\windows-bash\bash.exe;C:\Users\Teodor\AppData\Local\Yarn\.bin;C:\Program Files\MongoDB\Server\3.4\bin;C:\Users\Teodor\AppData\Roaming\npm;C:\Users\Teodor\AppData\Roaming\npm\node_modules\angular-cli\bin;C:\curl-7.58.0\src
10 verbose lifecycle node-easy-notes-app@1.0.0~start: CWD: D:\Dev\HelpBack
11 silly lifecycle node-easy-notes-app@1.0.0~start: Args: [ '/d /s /c', 'node ./server.js' ]
12 silly lifecycle node-easy-notes-app@1.0.0~start: Returned: code: 1  signal: null
13 info lifecycle node-easy-notes-app@1.0.0~start: Failed to exec start script
14 verbose stack Error: node-easy-notes-app@1.0.0 start: `node ./server.js`
14 verbose stack Exit status 1
14 verbose stack     at EventEmitter.<anonymous> (C:\Program Files\nodejs\node_modules\npm\lib\utils\lifecycle.js:255:16)
14 verbose stack     at emitTwo (events.js:106:13)
14 verbose stack     at EventEmitter.emit (events.js:191:7)
14 verbose stack     at ChildProcess.<anonymous> (C:\Program Files\nodejs\node_modules\npm\lib\utils\spawn.js:40:14)
14 verbose stack     at emitTwo (events.js:106:13)
14 verbose stack     at ChildProcess.emit (events.js:191:7)
14 verbose stack     at maybeClose (internal/child_process.js:877:16)
14 verbose stack     at Process.ChildProcess._handle.onexit (internal/child_process.js:226:5)
15 verbose pkgid node-easy-notes-app@1.0.0
16 verbose cwd D:\Dev\HelpBack
17 error Windows_NT 6.3.9600
18 error argv "C:\\Program Files\\nodejs\\node.exe" "C:\\Program Files\\nodejs\\node_modules\\npm\\bin\\npm-cli.js" "run" "start" "--scripts-prepend-node-path=auto"
19 error node v6.9.5
20 error npm  v3.10.10
21 error code ELIFECYCLE
22 error node-easy-notes-app@1.0.0 start: `node ./server.js`
22 error Exit status 1
23 error Failed at the node-easy-notes-app@1.0.0 start script 'node ./server.js'.
23 error Make sure you have the latest version of node.js and npm installed.
23 error If you do, this is most likely a problem with the node-easy-notes-app package,
23 error not with npm itself.
23 error Tell the author that this fails on your system:
23 error     node ./server.js
23 error You can get information on how to open an issue for this project with:
23 error     npm bugs node-easy-notes-app
23 error Or if that isn't available, you can get their info via:
23 error     npm owner ls node-easy-notes-app
23 error There is likely additional logging output above.
24 verbose exit [ 1, true ]
